{
  "RSpec": {
    "coverage": {
      "/Users/kronnakrit/workspace/thegang/psk/psk-erp/app/models/user.rb": {
        "lines": [
          1,
          1,
          null,
          1,
          null,
          null,
          null,
          null,
          1,
          1,
          null,
          1,
          1,
          null,
          1,
          null,
          1,
          1540,
          null,
          null,
          1,
          4,
          null,
          null,
          1,
          784,
          null,
          null,
          1,
          1920,
          null,
          null,
          1,
          257,
          257,
          null,
          null,
          1,
          null,
          1,
          1773,
          null,
          null
        ]
      },
      "/Users/kronnakrit/workspace/thegang/psk/psk-erp/app/models/application_record.rb": {
        "lines": [
          1,
          1,
          null
        ]
      },
      "/Users/kronnakrit/workspace/thegang/psk/psk-erp/app/helpers/application_helper.rb": {
        "lines": [
          1,
          1,
          12,
          null,
          9,
          9,
          9,
          2,
          null,
          7,
          null,
          null,
          null
        ]
      },
      "/Users/kronnakrit/workspace/thegang/psk/psk-erp/app/helpers/invoices_helper.rb": {
        "lines": [
          1,
          1,
          3,
          null,
          2,
          5,
          null,
          null,
          1,
          4,
          null,
          3,
          null,
          null,
          null,
          1,
          6,
          null,
          null,
          2,
          null,
          null,
          1,
          null,
          null,
          1,
          null,
          1,
          null,
          1,
          null,
          6,
          null,
          null,
          1,
          null,
          1,
          4,
          null,
          null
        ]
      },
      "/Users/kronnakrit/workspace/thegang/psk/psk-erp/app/helpers/navigation_helper.rb": {
        "lines": [
          1,
          1,
          9530,
          477,
          null,
          9053,
          null,
          null,
          null
        ]
      },
      "/Users/kronnakrit/workspace/thegang/psk/psk-erp/app/helpers/orders_helper.rb": {
        "lines": [
          1,
          1,
          2,
          null,
          null,
          1,
          6,
          null,
          4,
          9,
          null,
          null,
          1,
          5,
          null,
          3,
          null,
          null,
          null,
          1,
          9,
          null,
          3,
          null,
          null,
          3,
          2,
          null,
          null,
          1,
          1,
          null,
          1,
          null,
          null,
          1,
          null,
          8,
          null,
          1,
          null,
          null
        ]
      },
      "/Users/kronnakrit/workspace/thegang/psk/psk-erp/app/helpers/unit_conversion_helper.rb": {
        "lines": [
          null,
          null,
          1,
          null,
          null,
          null,
          null,
          null,
          null,
          null,
          null,
          null,
          null,
          null,
          1,
          11,
          null,
          11,
          null,
          2,
          2,
          null,
          null,
          null,
          28,
          null,
          9,
          9,
          9,
          9,
          null,
          9,
          9,
          null,
          9,
          19,
          null,
          19,
          19,
          19,
          null,
          null,
          null,
          9,
          1,
          1,
          null,
          null,
          null,
          9,
          9,
          null,
          null
        ]
      },
      "/Users/kronnakrit/workspace/thegang/psk/psk-erp/app/jobs/bulk_product_import_job.rb": {
        "lines": [
          null,
          null,
          null,
          1,
          1,
          null,
          null,
          1,
          11,
          11,
          null,
          11,
          null,
          11,
          11,
          11,
          null,
          null,
          11,
          11,
          null,
          11,
          11,
          11,
          11,
          null,
          11,
          null,
          10,
          10,
          10,
          132,
          null,
          10,
          null,
          10,
          10,
          10,
          null,
          10,
          null,
          10,
          null,
          9,
          2,
          2,
          null,
          7,
          7,
          null,
          null,
          1,
          1,
          null,
          null,
          null,
          10,
          null,
          null,
          null,
          null,
          1,
          null,
          null,
          null,
          null,
          null,
          11,
          11,
          null,
          null,
          11,
          null,
          null,
          null,
          1,
          null,
          null,
          1,
          9,
          9,
          null,
          8,
          8,
          8,
          8,
          8,
          8,
          null,
          8,
          2,
          null,
          1,
          1,
          null,
          null,
          null,
          null,
          null,
          null,
          null,
          null,
          null,
          null,
          null,
          null,
          null,
          6,
          6,
          null,
          null,
          null,
          null,
          null,
          null,
          null,
          null,
          null,
          null,
          null,
          null,
          null,
          7,
          null,
          7,
          null,
          7,
          null,
          7,
          null,
          null,
          null,
          1,
          7,
          7,
          7,
          7,
          null,
          null,
          1,
          8,
          null,
          null,
          1,
          8,
          null,
          null,
          1,
          6,
          2,
          null,
          null,
          null,
          1,
          7,
          86,
          null,
          2,
          2,
          2,
          null,
          2,
          2,
          2,
          2,
          2,
          null,
          null,
          1,
          null,
          null,
          null,
          1,
          11,
          null,
          null,
          null,
          null,
          null,
          null,
          null,
          1,
          null,
          null,
          null
        ]
      },
      "/Users/kronnakrit/workspace/thegang/psk/psk-erp/app/jobs/application_job.rb": {
        "lines": [
          1,
          null,
          null,
          null,
          null,
          null,
          null
        ]
      },
      "/Users/kronnakrit/workspace/thegang/psk/psk-erp/app/jobs/mark_duplicate_orders_job.rb": {
        "lines": [
          null,
          null,
          null,
          null,
          null,
          1,
          1,
          null,
          1,
          4,
          3,
          null,
          3,
          2,
          2,
          null,
          null,
          1,
          null,
          null,
          null,
          1,
          null,
          null
        ]
      },
      "/Users/kronnakrit/workspace/thegang/psk/psk-erp/app/mailers/application_mailer.rb": {
        "lines": [
          1,
          1,
          1,
          null
        ]
      },
      "/Users/kronnakrit/workspace/thegang/psk/psk-erp/app/models/attribute.rb": {
        "lines": [
          null,
          null,
          1,
          1,
          1,
          null,
          1,
          1,
          null,
          1,
          1,
          null,
          null,
          1,
          null
        ]
      },
      "/Users/kronnakrit/workspace/thegang/psk/psk-erp/app/models/branch.rb": {
        "lines": [
          null,
          null,
          1,
          1,
          null,
          1,
          null,
          1,
          38,
          null,
          null,
          1,
          8,
          null,
          null,
          1,
          null
        ]
      },
      "/Users/kronnakrit/workspace/thegang/psk/psk-erp/app/models/brand.rb": {
        "lines": [
          null,
          null,
          1,
          1,
          null,
          1,
          null,
          1,
          85,
          null,
          null,
          1,
          null
        ]
      },
      "/Users/kronnakrit/workspace/thegang/psk/psk-erp/app/models/company_setting.rb": {
        "lines": [
          null,
          null,
          1,
          1,
          null,
          1,
          null,
          1,
          1,
          null,
          null,
          1,
          2,
          null,
          null,
          null,
          1,
          22,
          null,
          null,
          1,
          null,
          1,
          20,
          null,
          2,
          null,
          null
        ]
      },
      "/Users/kronnakrit/workspace/thegang/psk/psk-erp/app/models/country.rb": {
        "lines": [
          1,
          1,
          null,
          1,
          null,
          1,
          null,
          1,
          28,
          null,
          null,
          1,
          52,
          null,
          null
        ]
      },
      "/Users/kronnakrit/workspace/thegang/psk/psk-erp/app/models/customer.rb": {
        "lines": [
          1,
          1,
          null,
          1,
          1,
          null,
          547,
          null,
          1,
          null,
          1,
          313,
          null,
          null,
          null,
          1,
          null,
          1,
          1188,
          null,
          null,
          1,
          1995,
          null,
          null
        ]
      },
      "/Users/kronnakrit/workspace/thegang/psk/psk-erp/app/models/concerns/soft_deletable.rb": {
        "lines": [
          null,
          null,
          1,
          1,
          null,
          1,
          3143,
          null,
          4,
          4,
          4,
          null,
          null,
          1,
          13,
          null,
          null,
          1,
          1,
          null,
          null,
          1,
          18,
          null,
          null
        ]
      },
      "/Users/kronnakrit/workspace/thegang/psk/psk-erp/app/models/invoice_audit.rb": {
        "lines": [
          null,
          null,
          1,
          1,
          null,
          1,
          1,
          null,
          1,
          null
        ]
      },
      "/Users/kronnakrit/workspace/thegang/psk/psk-erp/app/models/invoice_image.rb": {
        "lines": [
          null,
          null,
          1,
          1,
          null,
          1,
          null,
          1,
          null,
          1,
          1,
          null,
          1,
          null,
          1,
          1,
          null,
          null,
          1,
          1,
          null,
          null,
          1,
          null,
          1,
          13,
          null,
          5,
          1,
          null,
          null,
          null
        ]
      },
      "/Users/kronnakrit/workspace/thegang/psk/psk-erp/app/models/concerns/image_compressible.rb": {
        "lines": [
          null,
          null,
          1,
          1,
          null,
          1,
          3,
          null,
          null,
          1,
          null,
          1,
          16,
          null,
          null,
          8,
          0,
          null,
          null,
          null,
          null,
          null,
          8,
          null,
          null
        ]
      },
      "/Users/kronnakrit/workspace/thegang/psk/psk-erp/app/models/invoice_order.rb": {
        "lines": [
          null,
          null,
          1,
          1,
          1,
          null,
          1,
          null,
          1,
          null,
          1,
          31,
          null,
          29,
          null,
          null,
          null,
          null,
          null,
          null,
          29,
          null,
          null
        ]
      },
      "/Users/kronnakrit/workspace/thegang/psk/psk-erp/app/models/invoice.rb": {
        "lines": [
          null,
          null,
          1,
          1,
          null,
          1,
          1,
          1,
          1,
          1,
          1,
          1,
          null,
          1,
          1,
          1,
          1,
          null,
          1,
          1,
          1,
          1,
          null,
          2,
          2,
          2,
          null,
          1,
          11,
          null,
          null,
          null,
          null,
          1,
          720,
          null,
          null,
          null,
          1,
          1656,
          null,
          null,
          1,
          null,
          1,
          148,
          null,
          null,
          1,
          134,
          null,
          null,
          1,
          142,
          null,
          null,
          1,
          159,
          null,
          1,
          null,
          null,
          1,
          8,
          8,
          null,
          8,
          null,
          null
        ]
      },
      "/Users/kronnakrit/workspace/thegang/psk/psk-erp/app/models/logistic_company.rb": {
        "lines": [
          1,
          1,
          null,
          1,
          177,
          null,
          null,
          1,
          156,
          null,
          null
        ]
      },
      "/Users/kronnakrit/workspace/thegang/psk/psk-erp/app/models/order_audit.rb": {
        "lines": [
          null,
          null,
          1,
          1,
          1,
          null,
          1,
          1,
          null,
          1,
          null
        ]
      },
      "/Users/kronnakrit/workspace/thegang/psk/psk-erp/app/models/order_image.rb": {
        "lines": [
          null,
          null,
          1,
          1,
          null,
          1,
          null,
          1,
          null,
          1,
          1,
          null,
          1,
          null,
          1,
          1,
          null,
          null,
          1,
          1,
          null,
          null,
          1,
          null,
          1,
          6,
          null,
          3,
          1,
          null,
          null,
          null,
          1,
          1,
          1,
          null,
          null
        ]
      },
      "/Users/kronnakrit/workspace/thegang/psk/psk-erp/app/models/order_line_lot_allocation.rb": {
        "lines": [
          null,
          null,
          1,
          1,
          1,
          null,
          1,
          1,
          null
        ]
      },
      "/Users/kronnakrit/workspace/thegang/psk/psk-erp/app/models/order_line.rb": {
        "lines": [
          null,
          null,
          1,
          1,
          1,
          1,
          1,
          1,
          null,
          1,
          1,
          1,
          null,
          1,
          null,
          1,
          1,
          1,
          1,
          1,
          null,
          1,
          1,
          1,
          1,
          null,
          1,
          0,
          null,
          null,
          1,
          0,
          null,
          null,
          1,
          null,
          1,
          247,
          null,
          247,
          null,
          null,
          1,
          229,
          null,
          null,
          null,
          null,
          1,
          225,
          null,
          19,
          19,
          null,
          null,
          1,
          2,
          1,
          null,
          1,
          1,
          1,
          1,
          null,
          null,
          1,
          3,
          null,
          1,
          1,
          null,
          null,
          1,
          224,
          null,
          null,
          null,
          null,
          null,
          null,
          null,
          null,
          1,
          null,
          3,
          null,
          null,
          null,
          null,
          null,
          null,
          1,
          3,
          null,
          null,
          null,
          null,
          null,
          null,
          null,
          1,
          2,
          8,
          null,
          2,
          2,
          null,
          null,
          null,
          null,
          null,
          null,
          null,
          null,
          null,
          null,
          1,
          227,
          null,
          null
        ]
      },
      "/Users/kronnakrit/workspace/thegang/psk/psk-erp/app/models/order.rb": {
        "lines": [
          null,
          null,
          1,
          1,
          1,
          1,
          null,
          null,
          null,
          null,
          null,
          null,
          1,
          1,
          1,
          1,
          1,
          1,
          1,
          1,
          1,
          2,
          null,
          1,
          1,
          1,
          1,
          null,
          1,
          1,
          1,
          1,
          1,
          1,
          1,
          null,
          10,
          4,
          181,
          4,
          8,
          null,
          1,
          229,
          229,
          null,
          null,
          null,
          null,
          null,
          null,
          1,
          1122,
          null,
          null,
          null,
          null,
          null,
          1,
          2556,
          null,
          null,
          1,
          null,
          1,
          553,
          null,
          null,
          1,
          553,
          null,
          null,
          1,
          537,
          null,
          null,
          1,
          549,
          null,
          null,
          1,
          571,
          null,
          4,
          null,
          null,
          1,
          12,
          null,
          5,
          3,
          null,
          2,
          2,
          null,
          null,
          null,
          null,
          null,
          null,
          null,
          1,
          12,
          null,
          11,
          null,
          null,
          1,
          536,
          null,
          null
        ]
      },
      "/Users/kronnakrit/workspace/thegang/psk/psk-erp/app/models/product_attribute.rb": {
        "lines": [
          null,
          null,
          1,
          1,
          1,
          null,
          1,
          null
        ]
      },
      "/Users/kronnakrit/workspace/thegang/psk/psk-erp/app/models/product_category.rb": {
        "lines": [
          null,
          null,
          1,
          1,
          null,
          1,
          null,
          1,
          12,
          null,
          null,
          1,
          null
        ]
      },
      "/Users/kronnakrit/workspace/thegang/psk/psk-erp/app/models/product_class.rb": {
        "lines": [
          null,
          null,
          1,
          1,
          1,
          null,
          1,
          null,
          1,
          8,
          null,
          null,
          1,
          null
        ]
      },
      "/Users/kronnakrit/workspace/thegang/psk/psk-erp/app/models/product_image.rb": {
        "lines": [
          null,
          null,
          1,
          1,
          null,
          1,
          null,
          1,
          null,
          1,
          1,
          null,
          1,
          null,
          1,
          null,
          1,
          1,
          null,
          null,
          1,
          1,
          null,
          null,
          1,
          null,
          1,
          5,
          null,
          3,
          1,
          null,
          null,
          null,
          1,
          1,
          1,
          null,
          null
        ]
      },
      "/Users/kronnakrit/workspace/thegang/psk/psk-erp/app/models/product_lot.rb": {
        "lines": [
          null,
          null,
          1,
          1,
          1,
          null,
          1,
          1,
          1,
          null,
          1,
          1,
          1,
          1,
          1,
          null,
          1,
          null,
          1,
          null,
          1,
          null,
          1,
          90,
          9,
          81,
          1,
          null,
          null,
          null
        ]
      },
      "/Users/kronnakrit/workspace/thegang/psk/psk-erp/app/models/product.rb": {
        "lines": [
          null,
          null,
          1,
          1,
          null,
          1,
          null,
          1,
          1,
          1,
          1,
          1,
          1,
          1,
          1,
          1,
          1,
          1,
          1,
          1,
          null,
          null,
          1,
          null,
          1,
          1,
          1,
          null,
          1,
          1,
          1,
          null,
          1,
          1043,
          null,
          null,
          null,
          1,
          1055,
          null,
          null,
          null,
          null,
          1,
          1,
          null,
          1,
          1,
          null,
          null,
          null,
          null,
          1,
          null,
          0,
          null,
          null,
          null,
          null,
          null,
          1,
          6,
          null,
          6,
          null,
          null,
          6,
          6,
          null,
          null,
          null,
          1,
          2,
          null,
          null,
          null,
          1,
          78,
          null,
          null,
          1,
          null,
          1,
          457,
          null,
          443,
          443,
          null,
          null,
          1,
          457,
          null,
          null,
          1,
          470,
          null,
          null,
          458,
          458,
          458,
          null,
          null
        ]
      },
      "/Users/kronnakrit/workspace/thegang/psk/psk-erp/app/models/product_stock.rb": {
        "lines": [
          null,
          null,
          1,
          1,
          1,
          1,
          1,
          1,
          1,
          null,
          1,
          1,
          1,
          null,
          null,
          1,
          59,
          null,
          null,
          null,
          1,
          60,
          null,
          null,
          null,
          1,
          38,
          38,
          38,
          null,
          null,
          null,
          null,
          null,
          1,
          27,
          27,
          27,
          null,
          null,
          null,
          null,
          null,
          1,
          3,
          3,
          3,
          3,
          null,
          null,
          null,
          null,
          1,
          6,
          6,
          null,
          3,
          3,
          3,
          3,
          null,
          null,
          null,
          null,
          1,
          2,
          2,
          null,
          null,
          null,
          null,
          2,
          2,
          null,
          2,
          2,
          null,
          2,
          3,
          null,
          null,
          2,
          2,
          null,
          null,
          null,
          1,
          221,
          null,
          null,
          1,
          204,
          null,
          null,
          1,
          null,
          1,
          71,
          null,
          null,
          null,
          null,
          null,
          null,
          null,
          null
        ]
      },
      "/Users/kronnakrit/workspace/thegang/psk/psk-erp/app/models/product_stock_transaction.rb": {
        "lines": [
          null,
          null,
          1,
          1,
          null,
          1,
          1,
          1,
          null,
          1,
          1,
          1,
          null,
          1,
          1,
          null,
          null,
          1,
          1,
          null,
          null
        ]
      },
      "/Users/kronnakrit/workspace/thegang/psk/psk-erp/app/models/profile.rb": {
        "lines": [
          1,
          1,
          1,
          null,
          1,
          null,
          1,
          181,
          null,
          null,
          1,
          1,
          null,
          null,
          1,
          373,
          null,
          null
        ]
      },
      "/Users/kronnakrit/workspace/thegang/psk/psk-erp/app/models/purchase_order_line.rb": {
        "lines": [
          null,
          null,
          1,
          1,
          1,
          1,
          null,
          1,
          1,
          null,
          46,
          null,
          1,
          null,
          1,
          12,
          null,
          null,
          1,
          1,
          null,
          null,
          1,
          1,
          null,
          null,
          1,
          null,
          1,
          43,
          43,
          37,
          null,
          1,
          null,
          null,
          1,
          null,
          null,
          30,
          null,
          null
        ]
      },
      "/Users/kronnakrit/workspace/thegang/psk/psk-erp/app/models/purchase_order.rb": {
        "lines": [
          null,
          null,
          1,
          1,
          1,
          null,
          1,
          1,
          1,
          1,
          null,
          1,
          1,
          1,
          null,
          1,
          1,
          null,
          1,
          1,
          1,
          null,
          1,
          0,
          null,
          null,
          1,
          52,
          null,
          null,
          1,
          33,
          null,
          null,
          1,
          24,
          null,
          null,
          1,
          404,
          null,
          null,
          1,
          480,
          null,
          null,
          1,
          null,
          1,
          168,
          null,
          null,
          1,
          4,
          null,
          2,
          2,
          null,
          null
        ]
      },
      "/Users/kronnakrit/workspace/thegang/psk/psk-erp/app/models/role.rb": {
        "lines": [
          1,
          1,
          null,
          1,
          20,
          null,
          null,
          1,
          null
        ]
      },
      "/Users/kronnakrit/workspace/thegang/psk/psk-erp/app/models/stock_location.rb": {
        "lines": [
          null,
          null,
          1,
          1,
          1,
          null,
          1,
          null,
          1,
          113,
          null,
          null,
          1,
          81,
          null,
          null
        ]
      },
      "/Users/kronnakrit/workspace/thegang/psk/psk-erp/app/models/supplier.rb": {
        "lines": [
          null,
          null,
          1,
          1,
          null,
          1,
          null,
          1,
          263,
          null,
          null,
          1,
          292,
          null,
          null
        ]
      },
      "/Users/kronnakrit/workspace/thegang/psk/psk-erp/app/models/unit_definition.rb": {
        "lines": [
          null,
          null,
          1,
          1,
          null,
          1,
          1,
          null,
          1,
          null,
          null,
          null,
          null,
          356,
          null,
          1,
          null,
          null,
          null,
          null,
          null,
          1,
          null,
          1,
          null,
          1,
          6,
          1,
          null,
          1,
          1,
          null,
          null
        ]
      },
      "/Users/kronnakrit/workspace/thegang/psk/psk-erp/app/models/unit_group.rb": {
        "lines": [
          null,
          null,
          1,
          1,
          1,
          1,
          null,
          1,
          287,
          null,
          279,
          1,
          null,
          1,
          null,
          1,
          60,
          null,
          2,
          null,
          null,
          1,
          26,
          null,
          null,
          1,
          6,
          null,
          3,
          3,
          null,
          null
        ]
      },
      "/Users/kronnakrit/workspace/thegang/psk/psk-erp/app/models/upload.rb": {
        "lines": [
          null,
          null,
          1,
          1,
          null,
          1,
          1,
          null,
          1,
          1,
          null,
          1,
          1,
          1,
          1,
          null
        ]
      },
      "/Users/kronnakrit/workspace/thegang/psk/psk-erp/app/models/vendor.rb": {
        "lines": [
          null,
          null,
          1,
          1,
          null,
          1,
          1,
          null,
          1,
          null,
          1,
          1,
          null,
          null,
          1,
          null,
          1,
          13,
          null,
          12,
          null,
          null
        ]
      },
      "/Users/kronnakrit/workspace/thegang/psk/psk-erp/app/policies/application_policy.rb": {
        "lines": [
          null,
          null,
          1,
          1,
          null,
          1,
          1623,
          1623,
          null,
          null,
          1,
          230,
          null,
          null,
          1,
          83,
          null,
          null,
          1,
          326,
          null,
          null,
          1,
          100,
          null,
          null,
          1,
          432,
          null,
          null,
          1,
          96,
          null,
          null,
          1,
          147,
          null,
          null,
          1,
          1,
          334,
          334,
          null,
          null,
          1,
          0,
          null,
          null,
          1,
          null,
          1,
          null,
          1,
          74,
          null,
          74,
          74,
          null,
          null,
          null,
          1,
          null,
          null,
          null,
          1,
          1218,
          null,
          null,
          1,
          3261,
          null,
          3259,
          3259,
          null,
          null
        ]
      },
      "/Users/kronnakrit/workspace/thegang/psk/psk-erp/app/policies/company_setting_policy.rb": {
        "lines": [
          null,
          null,
          1,
          1,
          1,
          1,
          null,
          null,
          null,
          1,
          2,
          null,
          null,
          1,
          10,
          null,
          null,
          1,
          6,
          null,
          null
        ]
      },
      "/Users/kronnakrit/workspace/thegang/psk/psk-erp/app/policies/invoice_image_policy.rb": {
        "lines": [
          null,
          null,
          1,
          1,
          1,
          1,
          null,
          null,
          null,
          1,
          5,
          null,
          null,
          1,
          7,
          null,
          null
        ]
      },
      "/Users/kronnakrit/workspace/thegang/psk/psk-erp/app/policies/invoice_policy.rb": {
        "lines": [
          null,
          null,
          1,
          1,
          1,
          37,
          null,
          null,
          null,
          1,
          1,
          1,
          1,
          1,
          1,
          1,
          null,
          1,
          32,
          null,
          null,
          1,
          32,
          null,
          null,
          1,
          32,
          null,
          null,
          1,
          2,
          null,
          null,
          1,
          31,
          null,
          null,
          1,
          131,
          null,
          null
        ]
      },
      "/Users/kronnakrit/workspace/thegang/psk/psk-erp/app/policies/order_image_policy.rb": {
        "lines": [
          null,
          null,
          1,
          1,
          1,
          1,
          null,
          null,
          null
        ]
      },
      "/Users/kronnakrit/workspace/thegang/psk/psk-erp/app/policies/order_line_policy.rb": {
        "lines": [
          null,
          null,
          1,
          1,
          1,
          1,
          null,
          null,
          null,
          1,
          5,
          null,
          null,
          1,
          4,
          null,
          null,
          1,
          12,
          null,
          null
        ]
      },
      "/Users/kronnakrit/workspace/thegang/psk/psk-erp/app/policies/order_policy.rb": {
        "lines": [
          null,
          null,
          1,
          1,
          1,
          72,
          null,
          null,
          null,
          1,
          13,
          null,
          null,
          1,
          36,
          null,
          null,
          1,
          1,
          null,
          null,
          1,
          0,
          null,
          null,
          1,
          36,
          null,
          null,
          1,
          170,
          null,
          null,
          1,
          3,
          null,
          null,
          1,
          63,
          null,
          null,
          1,
          35,
          null,
          null,
          1,
          394,
          null,
          null,
          1,
          36,
          null,
          null,
          1,
          40,
          null,
          null,
          1,
          39,
          null,
          null
        ]
      },
      "/Users/kronnakrit/workspace/thegang/psk/psk-erp/app/policies/permission_policy.rb": {
        "lines": [
          null,
          null,
          1,
          1,
          6,
          null,
          null,
          1,
          1,
          1,
          null,
          null,
          null
        ]
      },
      "/Users/kronnakrit/workspace/thegang/psk/psk-erp/app/policies/product_attribute_policy.rb": {
        "lines": [
          null,
          null,
          1,
          1,
          1,
          2,
          null,
          null,
          null
        ]
      },
      "/Users/kronnakrit/workspace/thegang/psk/psk-erp/app/policies/product_policy.rb": {
        "lines": [
          null,
          null,
          1,
          1,
          1,
          49,
          null,
          null,
          null,
          1,
          120,
          null,
          null,
          1,
          12,
          null,
          null
        ]
      },
      "/Users/kronnakrit/workspace/thegang/psk/psk-erp/app/policies/profile_policy.rb": {
        "lines": [
          null,
          null,
          1,
          null,
          1,
          4,
          null,
          null,
          1,
          6,
          null,
          null,
          1,
          1,
          1,
          null,
          null,
          null
        ]
      },
      "/Users/kronnakrit/workspace/thegang/psk/psk-erp/app/policies/role_policy.rb": {
        "lines": [
          null,
          null,
          1,
          1,
          1,
          7,
          null,
          null,
          null
        ]
      },
      "/Users/kronnakrit/workspace/thegang/psk/psk-erp/app/policies/supplier_policy.rb": {
        "lines": [
          null,
          null,
          1,
          1,
          1,
          12,
          null,
          null,
          null,
          1,
          1,
          1,
          1,
          1,
          1,
          1,
          null
        ]
      },
      "/Users/kronnakrit/workspace/thegang/psk/psk-erp/app/policies/upload_policy.rb": {
        "lines": [
          null,
          null,
          1,
          1,
          1,
          10,
          null,
          null,
          null,
          1,
          1,
          null
        ]
      },
      "/Users/kronnakrit/workspace/thegang/psk/psk-erp/app/policies/user_policy.rb": {
        "lines": [
          null,
          null,
          1,
          1,
          1,
          null,
          1,
          1,
          33,
          null,
          null,
          null
        ]
      },
      "/Users/kronnakrit/workspace/thegang/psk/psk-erp/app/services/bulk_order_excel_export_service.rb": {
        "lines": [
          null,
          null,
          null,
          null,
          null,
          null,
          null,
          1,
          1,
          1,
          1,
          1,
          null,
          1,
          24,
          24,
          null,
          null,
          1,
          21,
          21,
          22,
          22,
          22,
          null,
          22,
          22,
          22,
          22,
          22,
          22,
          22,
          22,
          null,
          null,
          21,
          null,
          null,
          1,
          null,
          1,
          22,
          null,
          null,
          1,
          25,
          null,
          3,
          3,
          4,
          4,
          4,
          null,
          1,
          null,
          null,
          null,
          1,
          21,
          21,
          21,
          null,
          null,
          null,
          null,
          21,
          21,
          21,
          21,
          null,
          null,
          1,
          22,
          null,
          22,
          null,
          22,
          null,
          22,
          null,
          22,
          null,
          22,
          null,
          22,
          null,
          null,
          1,
          22,
          null,
          null,
          null,
          null,
          null,
          1,
          22,
          20,
          20,
          null,
          null,
          null,
          null,
          null,
          null,
          null,
          null,
          null,
          null,
          null,
          1,
          22,
          22,
          22,
          47,
          47,
          47,
          null,
          null,
          null,
          null,
          1,
          22,
          22,
          22,
          22,
          22,
          22,
          null,
          null,
          1,
          22,
          null,
          0,
          null,
          null,
          1,
          22,
          null,
          null,
          1,
          null,
          null,
          null,
          null,
          1,
          22,
          null,
          1,
          null,
          null
        ]
      },
      "/Users/kronnakrit/workspace/thegang/psk/psk-erp/app/services/combined_bills_service.rb": {
        "lines": [
          null,
          null,
          null,
          null,
          1,
          1,
          1,
          null,
          1,
          9,
          9,
          null,
          null,
          1,
          9,
          9,
          null,
          8,
          8,
          null,
          6,
          6,
          6,
          null,
          null,
          1,
          null,
          1,
          6,
          6,
          6,
          6,
          6,
          6,
          6,
          null,
          6,
          null,
          null,
          1,
          6,
          6,
          6,
          6,
          null,
          null,
          6,
          6,
          6,
          null,
          6,
          null,
          null,
          1,
          6,
          6,
          6,
          null,
          6,
          6,
          6,
          6,
          null,
          null,
          null,
          1,
          6,
          12,
          null,
          null,
          null,
          null,
          null,
          null,
          null,
          null,
          null,
          1,
          6,
          6,
          6,
          null,
          6,
          6,
          6,
          null,
          null
        ]
      },
      "/Users/kronnakrit/workspace/thegang/psk/psk-erp/app/services/confirm_purchase_order_service.rb": {
        "lines": [
          null,
          null,
          1,
          1,
          null,
          null,
          1,
          18,
          null,
          null,
          null,
          null,
          1,
          17,
          null,
          11,
          11,
          11,
          12,
          11,
          11,
          11,
          null,
          10,
          null,
          10,
          null,
          null,
          1,
          null,
          1,
          17,
          15,
          13,
          null,
          2,
          null,
          null,
          1,
          12,
          12,
          null,
          null,
          null,
          null,
          null,
          null,
          null,
          null,
          null,
          null,
          null,
          1,
          11,
          null,
          9,
          9,
          null,
          null,
          null,
          null,
          null,
          null
        ]
      },
      "/Users/kronnakrit/workspace/thegang/psk/psk-erp/app/services/customer_report_service.rb": {
        "lines": [
          null,
          null,
          null,
          null,
          null,
          1,
          1,
          1,
          1,
          null,
          1,
          7,
          7,
          null,
          null,
          1,
          7,
          7,
          null,
          null,
          1,
          null,
          1,
          7,
          null,
          null,
          null,
          null,
          null,
          null,
          null,
          null,
          null,
          null,
          null,
          1,
          7,
          7,
          7,
          7,
          7,
          7,
          null,
          7,
          null,
          null,
          1,
          7,
          7,
          null,
          null,
          7,
          7,
          null,
          null,
          1,
          7,
          7,
          7,
          7,
          null,
          null,
          null,
          1,
          7,
          13,
          13,
          null,
          null,
          null,
          null,
          null,
          null,
          null,
          null,
          null
        ]
      },
      "/Users/kronnakrit/workspace/thegang/psk/psk-erp/app/services/duplicate_order_detection_service.rb": {
        "lines": [
          null,
          null,
          null,
          null,
          null,
          null,
          null,
          null,
          null,
          null,
          null,
          null,
          null,
          null,
          1,
          1,
          null,
          1,
          11,
          10,
          null,
          9,
          9,
          null,
          9,
          null,
          null,
          null,
          null,
          null,
          9,
          4,
          null,
          null,
          null
        ]
      },
      "/Users/kronnakrit/workspace/thegang/psk/psk-erp/app/services/eligible_orders_query.rb": {
        "lines": [
          null,
          null,
          null,
          null,
          null,
          null,
          null,
          null,
          null,
          1,
          1,
          12,
          12,
          12,
          null,
          null,
          1,
          12,
          null,
          null,
          null,
          null,
          12,
          null,
          12,
          12,
          12,
          null,
          12,
          null,
          null
        ]
      },
      "/Users/kronnakrit/workspace/thegang/psk/psk-erp/app/services/fifo_lot_allocation_service.rb": {
        "lines": [
          null,
          null,
          null,
          null,
          null,
          null,
          null,
          null,
          null,
          null,
          null,
          null,
          1,
          1,
          1,
          null,
          1,
          28,
          28,
          null,
          null,
          null,
          null,
          null,
          1,
          28,
          28,
          28,
          null,
          28,
          null,
          27,
          null,
          null,
          1,
          null,
          1,
          28,
          28,
          null,
          28,
          35,
          null,
          34,
          34,
          34,
          null,
          null,
          28,
          null,
          null,
          1,
          28,
          null,
          null,
          null,
          null,
          null,
          1,
          28,
          null,
          null,
          1,
          28,
          null,
          62,
          28,
          null,
          null,
          1,
          6,
          null,
          5,
          5,
          9,
          9,
          9,
          null,
          null,
          null,
          null,
          null,
          null,
          5,
          1,
          null,
          null,
          null,
          null,
          null,
          null,
          null,
          null
        ]
      },
      "/Users/kronnakrit/workspace/thegang/psk/psk-erp/app/services/grand_total_calculator.rb": {
        "lines": [
          null,
          null,
          null,
          null,
          1,
          1,
          1,
          null,
          1,
          389,
          null,
          null,
          1,
          389,
          389,
          389,
          389,
          389,
          389,
          389,
          null,
          null,
          389,
          null,
          null,
          null,
          null,
          null,
          null,
          null,
          null,
          null,
          1,
          null,
          1,
          389,
          null,
          null,
          1,
          389,
          3,
          null,
          386,
          null,
          null,
          null,
          1,
          389,
          2,
          null,
          387,
          null,
          null,
          null,
          1,
          389,
          null,
          8,
          2,
          null,
          6,
          null,
          null,
          null,
          1,
          389,
          null,
          10,
          null,
          null,
          1,
          788,
          null,
          null
        ]
      },
      "/Users/kronnakrit/workspace/thegang/psk/psk-erp/app/services/invoice_audit_service.rb": {
        "lines": [
          null,
          null,
          null,
          null,
          null,
          null,
          1,
          1,
          null,
          1,
          null,
          1,
          12,
          13,
          null,
          11,
          null,
          null,
          null,
          null,
          null,
          null,
          null,
          null,
          null,
          null,
          1,
          null,
          1,
          11,
          null,
          null,
          1,
          22,
          null,
          null
        ]
      },
      "/Users/kronnakrit/workspace/thegang/psk/psk-erp/app/services/invoice_number_generator.rb": {
        "lines": [
          null,
          null,
          null,
          null,
          1,
          1,
          143,
          null,
          null,
          1,
          143,
          143,
          143,
          144,
          144,
          null,
          1,
          null,
          null,
          null
        ]
      },
      "/Users/kronnakrit/workspace/thegang/psk/psk-erp/app/services/order_audit_service.rb": {
        "lines": [
          null,
          null,
          null,
          null,
          null,
          null,
          1,
          1,
          null,
          1,
          19,
          43,
          null,
          22,
          null,
          null,
          null,
          null,
          null,
          null,
          null,
          null,
          null,
          null,
          1,
          null,
          1,
          22,
          null,
          null,
          1,
          44,
          null,
          null
        ]
      },
      "/Users/kronnakrit/workspace/thegang/psk/psk-erp/app/services/order_duplicate_service.rb": {
        "lines": [
          null,
          null,
          1,
          1,
          null,
          null,
          null,
          null,
          null,
          null,
          1,
          null,
          null,
          null,
          1,
          10,
          10,
          null,
          null,
          1,
          10,
          10,
          10,
          null,
          null,
          1,
          null,
          1,
          10,
          10,
          null,
          null,
          null,
          null,
          10,
          10,
          18,
          18,
          null,
          null,
          10,
          null,
          null
        ]
      },
      "/Users/kronnakrit/workspace/thegang/psk/psk-erp/app/services/order_excel_service.rb": {
        "lines": [
          null,
          null,
          null,
          null,
          1,
          1,
          1,
          1,
          1,
          1,
          null,
          1,
          12,
          12,
          12,
          12,
          null,
          null,
          1,
          12,
          12,
          12,
          12,
          12,
          12,
          null,
          12,
          null,
          null,
          1,
          null,
          1,
          12,
          12,
          null,
          null,
          null,
          null,
          12,
          12,
          12,
          12,
          null,
          12,
          12,
          null,
          null,
          1,
          12,
          12,
          12,
          null,
          12,
          12,
          12,
          12,
          12,
          12,
          12,
          null,
          null,
          null,
          1,
          12,
          10,
          null,
          null,
          null,
          null,
          null,
          null,
          null,
          null,
          null,
          null,
          null,
          1,
          12,
          12,
          12,
          12,
          12,
          12,
          null,
          null,
          1,
          28,
          null,
          null,
          null,
          1,
          12,
          null,
          1,
          null,
          null,
          1,
          12,
          null,
          1,
          1,
          null,
          null,
          1,
          12,
          null,
          1,
          null,
          null
        ]
      },
      "/Users/kronnakrit/workspace/thegang/psk/psk-erp/app/services/order_number_generator.rb": {
        "lines": [
          null,
          null,
          null,
          null,
          1,
          1,
          529,
          null,
          null,
          1,
          529,
          529,
          529,
          530,
          530,
          null,
          1,
          null,
          null,
          null
        ]
      },
      "/Users/kronnakrit/workspace/thegang/psk/psk-erp/app/services/phantom_allocation_absorber_service.rb": {
        "lines": [
          null,
          null,
          null,
          null,
          null,
          null,
          null,
          null,
          null,
          null,
          1,
          1,
          18,
          18,
          null,
          null,
          1,
          18,
          null,
          17,
          7,
          null,
          7,
          null,
          null,
          null,
          1,
          null,
          null,
          1,
          17,
          null,
          null,
          null,
          null,
          null,
          null,
          null,
          1,
          7,
          7,
          null,
          7,
          null,
          7,
          null,
          null,
          null,
          null,
          null,
          null,
          7,
          null,
          null,
          7,
          null,
          null,
          7,
          7,
          3,
          null,
          null,
          null,
          null,
          null,
          null,
          null,
          null,
          1,
          7,
          14,
          14,
          7,
          null,
          7,
          null,
          null
        ]
      },
      "/Users/kronnakrit/workspace/thegang/psk/psk-erp/app/services/price_monitor_service.rb": {
        "lines": [
          null,
          null,
          null,
          null,
          null,
          null,
          null,
          null,
          null,
          1,
          1,
          168,
          168,
          168,
          null,
          null,
          1,
          null,
          1,
          168,
          168,
          null,
          null,
          null,
          null,
          null,
          null,
          null,
          null,
          null,
          null,
          null,
          null,
          null,
          null,
          1,
          168,
          168,
          168,
          168,
          168,
          null,
          null,
          1,
          232,
          168,
          25,
          null,
          null,
          null,
          1,
          25,
          25,
          25,
          null,
          25,
          null,
          4,
          4,
          4,
          null,
          3,
          3,
          null,
          2,
          null,
          null,
          null,
          null,
          null,
          null,
          null,
          null,
          null,
          null,
          null,
          null
        ]
      },
      "/Users/kronnakrit/workspace/thegang/psk/psk-erp/app/services/purchase_order_number_generator.rb": {
        "lines": [
          null,
          null,
          null,
          null,
          1,
          1,
          165,
          null,
          null,
          1,
          165,
          165,
          165,
          166,
          166,
          null,
          1,
          null,
          null,
          null
        ]
      },
      "/Users/kronnakrit/workspace/thegang/psk/psk-erp/app/services/sales_graph_service.rb": {
        "lines": [
          null,
          null,
          null,
          null,
          null,
          1,
          1,
          null,
          null,
          null,
          null,
          null,
          null,
          1,
          8,
          8,
          null,
          null,
          1,
          40,
          null,
          8,
          32,
          null,
          null,
          null,
          32,
          52,
          null,
          null,
          null,
          8,
          null,
          null
        ]
      },
      "/Users/kronnakrit/workspace/thegang/psk/psk-erp/app/services/sales_report_service.rb": {
        "lines": [
          null,
          null,
          null,
          null,
          null,
          1,
          1,
          1,
          1,
          null,
          1,
          5,
          5,
          null,
          null,
          1,
          5,
          5,
          null,
          null,
          1,
          null,
          1,
          5,
          null,
          null,
          null,
          null,
          null,
          null,
          null,
          null,
          null,
          null,
          null,
          null,
          1,
          5,
          5,
          5,
          5,
          5,
          5,
          null,
          5,
          null,
          null,
          1,
          5,
          5,
          null,
          null,
          5,
          5,
          null,
          null,
          1,
          5,
          5,
          5,
          5,
          null,
          null,
          null,
          1,
          5,
          9,
          9,
          null,
          null,
          null,
          null,
          null,
          null,
          null,
          null,
          null
        ]
      },
      "/Users/kronnakrit/workspace/thegang/psk/psk-erp/app/services/stock_deposit_withdraw_service.rb": {
        "lines": [
          null,
          null,
          null,
          null,
          null,
          null,
          null,
          null,
          null,
          null,
          null,
          null,
          null,
          null,
          null,
          null,
          1,
          1,
          1,
          null,
          null,
          1,
          18,
          null,
          null,
          1,
          18,
          18,
          18,
          18,
          18,
          18,
          null,
          null,
          1,
          18,
          null,
          14,
          14,
          null,
          11,
          null,
          11,
          null,
          7,
          null,
          3,
          null,
          1,
          null,
          null,
          9,
          null,
          1,
          null,
          null,
          1,
          null,
          1,
          14,
          14,
          null,
          13,
          null,
          null
        ]
      },
      "/Users/kronnakrit/workspace/thegang/psk/psk-erp/app/models/current.rb": {
        "lines": [
          null,
          null,
          1,
          1,
          null
        ]
      },
      "/Users/kronnakrit/workspace/thegang/psk/psk-erp/app/models/concerns/permissions.rb": {
        "lines": [
          null,
          null,
          1,
          1,
          null,
          null,
          null,
          null,
          null,
          null,
          null,
          null,
          null,
          null,
          null,
          null,
          null,
          null,
          null,
          null,
          null,
          null,
          null,
          null,
          null,
          null,
          null,
          null,
          null,
          null,
          null,
          null
        ]
      },
      "/Users/kronnakrit/workspace/thegang/psk/psk-erp/app/controllers/application_controller.rb": {
        "lines": [
          1,
          1,
          1,
          1,
          null,
          1,
          null,
          1,
          null,
          null,
          1,
          null,
          null,
          1,
          null,
          1331,
          1349,
          null,
          1,
          1,
          null,
          1,
          1,
          null,
          1,
          null,
          1,
          1758,
          1755,
          null,
          null,
          1,
          1755,
          null,
          null,
          1,
          1038,
          null,
          null,
          1,
          24,
          27,
          24,
          21,
          null,
          null,
          null,
          null,
          1,
          1,
          1,
          1,
          1,
          null,
          null,
          null,
          null
        ]
      },
      "/Users/kronnakrit/workspace/thegang/psk/psk-erp/app/controllers/concerns/permission_checkable.rb": {
        "lines": [
          null,
          null,
          1,
          1,
          null,
          null,
          null,
          1,
          17191,
          17191,
          null,
          null
        ]
      },
      "/Users/kronnakrit/workspace/thegang/psk/psk-erp/app/controllers/api/v1/auth/sessions_controller.rb": {
        "lines": [
          1,
          1,
          1,
          1,
          1,
          null,
          1,
          null,
          1,
          75,
          75,
          null,
          null,
          null,
          null,
          null,
          null,
          null,
          0,
          null,
          null,
          null,
          1,
          2,
          1,
          null,
          1,
          null,
          null,
          null,
          null,
          null,
          null
        ]
      },
      "/Users/kronnakrit/workspace/thegang/psk/psk-erp/app/controllers/api/v1/auth/tokens_controller.rb": {
        "lines": [
          1,
          1,
          1,
          1,
          null,
          null,
          null,
          null,
          1,
          1,
          null,
          null,
          null,
          null,
          null,
          null,
          null,
          null,
          1,
          1,
          null,
          null,
          null,
          null,
          null,
          null,
          null,
          null,
          null,
          null,
          null,
          null
        ]
      },
      "/Users/kronnakrit/workspace/thegang/psk/psk-erp/app/controllers/api/v1/base_controller.rb": {
        "lines": [
          1,
          1,
          1,
          1,
          null,
          null,
          1,
          null,
          1,
          null,
          1,
          2,
          null,
          null,
          1,
          1,
          null,
          null,
          1,
          null,
          1,
          null,
          8,
          null,
          null,
          null,
          null,
          null,
          null,
          null,
          null
        ]
      },
      "/Users/kronnakrit/workspace/thegang/psk/psk-erp/app/controllers/api/v1/catalogs/products_controller.rb": {
        "lines": [
          null,
          null,
          1,
          1,
          1,
          1,
          1,
          8,
          null,
          null,
          null,
          8,
          8,
          8,
          8,
          null,
          null,
          null,
          1,
          1,
          1,
          null,
          null,
          1,
          1,
          1,
          2,
          null,
          null,
          1,
          1,
          1,
          null,
          null,
          1,
          1,
          null,
          null,
          null,
          2,
          null,
          null,
          1,
          6,
          6,
          6,
          null,
          6,
          5,
          null,
          null,
          null,
          null,
          null,
          1,
          null,
          null,
          6,
          null,
          null,
          1,
          1,
          1,
          2,
          null,
          null,
          1,
          5,
          4,
          2,
          null,
          null,
          2,
          null,
          null,
          2,
          null,
          4,
          null,
          null,
          null,
          null,
          null,
          null,
          null,
          null,
          1,
          3,
          2,
          null,
          null,
          null,
          null,
          2,
          2,
          null,
          null,
          1,
          15,
          15,
          null,
          15,
          2,
          null,
          null,
          13,
          13,
          2,
          null,
          null,
          11,
          3,
          3,
          null,
          null,
          11,
          11,
          null,
          null,
          null,
          null,
          11,
          null,
          null,
          null,
          null,
          null,
          null,
          null,
          1,
          null,
          1,
          13,
          13,
          10,
          null,
          null,
          13,
          null,
          null,
          null,
          null,
          null,
          null,
          null,
          null,
          null,
          null,
          null,
          null,
          null,
          null,
          null,
          null,
          null,
          null,
          null
        ]
      },
      "/Users/kronnakrit/workspace/thegang/psk/psk-erp/app/controllers/api/v1/customers_controller.rb": {
        "lines": [
          1,
          1,
          1,
          1,
          null,
          1,
          1,
          1,
          1,
          1,
          1,
          null,
          null,
          null,
          null,
          1,
          1,
          1,
          null,
          null,
          1,
          2,
          2,
          2,
          1,
          null,
          1,
          null,
          null,
          null,
          1,
          1,
          1,
          1,
          null,
          0,
          null,
          null,
          null,
          1,
          1,
          1,
          1,
          null,
          null,
          1,
          3,
          3,
          3,
          3,
          null,
          null,
          null,
          5,
          null,
          null,
          1,
          2,
          2,
          2,
          2,
          null,
          null,
          null,
          null,
          3,
          null,
          null,
          1,
          null,
          1,
          3,
          null,
          null,
          1,
          3,
          null,
          null,
          1,
          null,
          7,
          null,
          null,
          null,
          null,
          null,
          null,
          null,
          null,
          null,
          null,
          null,
          null,
          null
        ]
      },
      "/Users/kronnakrit/workspace/thegang/psk/psk-erp/app/policies/customer_policy.rb": {
        "lines": [
          null,
          null,
          1,
          1,
          1,
          35,
          null,
          null,
          null
        ]
      },
      "/Users/kronnakrit/workspace/thegang/psk/psk-erp/app/controllers/api/v1/logistic_companies_controller.rb": {
        "lines": [
          1,
          1,
          1,
          1,
          null,
          1,
          1,
          1,
          1,
          1,
          1,
          null,
          null,
          null,
          null,
          1,
          1,
          1,
          null,
          null,
          1,
          2,
          2,
          2,
          1,
          null,
          1,
          null,
          null,
          null,
          1,
          1,
          1,
          1,
          null,
          0,
          null,
          null,
          null,
          1,
          1,
          1,
          1,
          null,
          null,
          1,
          3,
          3,
          3,
          5,
          null,
          null,
          1,
          null,
          1,
          3,
          null,
          null,
          1,
          3,
          null,
          null,
          1,
          null,
          6,
          null,
          null,
          null,
          null,
          null,
          null,
          null,
          null,
          null
        ]
      },
      "/Users/kronnakrit/workspace/thegang/psk/psk-erp/app/policies/logistic_company_policy.rb": {
        "lines": [
          null,
          null,
          1,
          1,
          1,
          7,
          null,
          null,
          null
        ]
      },
      "/Users/kronnakrit/workspace/thegang/psk/psk-erp/app/controllers/api/v1/orders_controller.rb": {
        "lines": [
          null,
          null,
          1,
          1,
          1,
          1,
          null,
          null,
          1,
          1,
          1,
          1,
          null,
          null,
          null,
          null,
          1,
          1,
          1,
          null,
          null,
          null,
          1,
          1,
          1,
          null,
          null,
          null,
          1,
          1,
          1,
          null,
          null,
          null,
          1,
          1,
          1,
          null,
          null,
          null,
          1,
          1,
          1,
          null,
          null,
          null,
          null,
          null,
          null,
          null,
          null,
          null,
          1,
          1,
          null,
          null,
          null,
          null,
          null,
          null,
          null,
          null,
          null,
          null,
          1,
          2,
          2,
          1,
          null,
          1,
          null,
          null,
          null,
          null,
          1,
          1,
          1,
          null,
          0,
          null,
          null,
          null,
          null,
          1,
          1,
          1,
          1,
          null,
          null,
          null,
          1,
          1,
          1,
          1,
          null,
          null,
          null,
          1,
          2,
          2,
          2,
          2,
          2,
          2,
          null,
          null,
          null,
          1,
          4,
          null,
          4,
          4,
          null,
          4,
          1,
          1,
          null,
          null,
          3,
          3,
          1,
          1,
          null,
          null,
          2,
          1,
          null,
          1,
          null,
          null,
          2,
          null,
          null,
          null,
          1,
          3,
          2,
          1,
          1,
          1,
          null,
          null,
          null,
          null,
          1,
          null,
          null,
          null,
          1,
          3,
          2,
          1,
          1,
          1,
          null,
          null,
          null,
          null,
          1,
          null,
          null,
          null,
          1,
          4,
          3,
          2,
          2,
          null,
          1,
          null,
          null,
          1,
          null,
          1,
          3,
          null,
          null,
          1,
          3,
          null,
          null,
          null,
          null,
          null,
          null,
          null,
          null,
          null,
          null,
          null,
          1,
          1,
          1,
          1,
          null,
          null,
          null,
          null
        ]
      },
      "/Users/kronnakrit/workspace/thegang/psk/psk-erp/app/controllers/api/v1/permissions_controller.rb": {
        "lines": [
          1,
          1,
          1,
          1,
          1,
          1,
          null,
          null,
          null,
          null
        ]
      },
      "/Users/kronnakrit/workspace/thegang/psk/psk-erp/app/controllers/api/v1/profiles_controller.rb": {
        "lines": [
          1,
          1,
          1,
          1,
          1,
          1,
          1,
          null,
          null,
          1,
          2,
          2,
          2,
          1,
          null,
          1,
          null,
          null,
          null,
          1,
          null,
          1,
          2,
          null,
          null,
          1,
          null,
          2,
          null,
          null,
          null,
          null,
          null,
          null,
          null,
          null,
          null,
          null,
          null,
          null
        ]
      },
      "/Users/kronnakrit/workspace/thegang/psk/psk-erp/app/controllers/api/v1/roles_controller.rb": {
        "lines": [
          1,
          1,
          1,
          1,
          null,
          1,
          1,
          1,
          1,
          1,
          1,
          null,
          null,
          null,
          null,
          1,
          1,
          1,
          null,
          null,
          1,
          3,
          3,
          3,
          1,
          null,
          2,
          null,
          null,
          null,
          1,
          2,
          2,
          1,
          null,
          1,
          null,
          null,
          null,
          1,
          1,
          1,
          1,
          null,
          null,
          1,
          null,
          1,
          4,
          null,
          null,
          1,
          5,
          null,
          null,
          1,
          null,
          4,
          null,
          null,
          null,
          null,
          null,
          null,
          null
        ]
      },
      "/Users/kronnakrit/workspace/thegang/psk/psk-erp/app/controllers/api/v1/users_controller.rb": {
        "lines": [
          1,
          1,
          1,
          1,
          null,
          1,
          1,
          1,
          1,
          1,
          1,
          3,
          null,
          null,
          null,
          null,
          1,
          2,
          2,
          2,
          1,
          null,
          1,
          null,
          null,
          null,
          1,
          1,
          1,
          1,
          null,
          0,
          null,
          null,
          null,
          1,
          1,
          1,
          1,
          null,
          null,
          1,
          2,
          2,
          1,
          null,
          null,
          1,
          1,
          1,
          1,
          null,
          null,
          1,
          null,
          1,
          5,
          null,
          null,
          1,
          3,
          null,
          null,
          null,
          null,
          null,
          1,
          null,
          7,
          null,
          null,
          null,
          null,
          null,
          null,
          null,
          null,
          1,
          null,
          1,
          null,
          null,
          null,
          null,
          null,
          null,
          null,
          null
        ]
      },
      "/Users/kronnakrit/workspace/thegang/psk/psk-erp/app/controllers/attributes_controller.rb": {
        "lines": [
          1,
          1,
          1,
          1,
          null,
          1,
          2,
          2,
          2,
          2,
          3,
          null,
          null,
          null,
          1,
          1,
          null,
          null,
          1,
          1,
          1,
          null,
          null,
          1,
          1,
          null,
          null,
          1,
          2,
          2,
          2,
          1,
          null,
          1,
          null,
          null,
          null,
          1,
          2,
          2,
          1,
          null,
          1,
          null,
          null,
          null,
          1,
          1,
          1,
          1,
          null,
          null,
          1,
          null,
          1,
          10,
          null,
          null,
          1,
          5,
          null,
          null,
          1,
          4,
          null,
          null
        ]
      },
      "/Users/kronnakrit/workspace/thegang/psk/psk-erp/app/policies/attribute_policy.rb": {
        "lines": [
          null,
          null,
          1,
          1,
          1,
          2,
          null,
          null,
          null
        ]
      },
      "/Users/kronnakrit/workspace/thegang/psk/psk-erp/app/controllers/branches_controller.rb": {
        "lines": [
          null,
          null,
          1,
          1,
          1,
          null,
          1,
          2,
          2,
          2,
          2,
          null,
          null,
          1,
          1,
          null,
          null,
          1,
          1,
          1,
          null,
          null,
          1,
          1,
          null,
          null,
          1,
          2,
          2,
          2,
          1,
          null,
          1,
          null,
          null,
          null,
          1,
          2,
          2,
          1,
          null,
          1,
          null,
          null,
          null,
          1,
          1,
          1,
          1,
          null,
          null,
          1,
          null,
          1,
          5,
          null,
          null,
          1,
          4,
          null,
          null
        ]
      },
      "/Users/kronnakrit/workspace/thegang/psk/psk-erp/app/policies/branch_policy.rb": {
        "lines": [
          null,
          null,
          1,
          1,
          1,
          2,
          null,
          null,
          null
        ]
      },
      "/Users/kronnakrit/workspace/thegang/psk/psk-erp/app/controllers/brands_controller.rb": {
        "lines": [
          1,
          1,
          1,
          null,
          1,
          6,
          6,
          6,
          6,
          null,
          null,
          1,
          1,
          null,
          null,
          1,
          2,
          2,
          null,
          null,
          1,
          2,
          null,
          null,
          1,
          3,
          3,
          3,
          2,
          null,
          1,
          null,
          null,
          null,
          1,
          3,
          3,
          2,
          null,
          1,
          null,
          null,
          null,
          1,
          2,
          2,
          2,
          null,
          null,
          1,
          null,
          1,
          8,
          null,
          null,
          1,
          6,
          null,
          null
        ]
      },
      "/Users/kronnakrit/workspace/thegang/psk/psk-erp/app/policies/brand_policy.rb": {
        "lines": [
          null,
          null,
          1,
          1,
          1,
          6,
          null,
          null,
          null
        ]
      },
      "/Users/kronnakrit/workspace/thegang/psk/psk-erp/app/controllers/child_products_controller.rb": {
        "lines": [
          null,
          null,
          1,
          1,
          1,
          null,
          1,
          2,
          2,
          1,
          null,
          1,
          null,
          null,
          null,
          1,
          1,
          1,
          1,
          null,
          null,
          1,
          null,
          1,
          3,
          null,
          null,
          1,
          2,
          null,
          null,
          null,
          null,
          null,
          null
        ]
      },
      "/Users/kronnakrit/workspace/thegang/psk/psk-erp/app/controllers/company_settings_controller.rb": {
        "lines": [
          null,
          null,
          1,
          1,
          1,
          null,
          null,
          1,
          2,
          2,
          null,
          null,
          null,
          1,
          4,
          4,
          null,
          4,
          1,
          3,
          1,
          null,
          null,
          4,
          3,
          null,
          1,
          null,
          null,
          null,
          1,
          null,
          1,
          4,
          null,
          null,
          null,
          null,
          null
        ]
      },
      "/Users/kronnakrit/workspace/thegang/psk/psk-erp/app/controllers/countries_controller.rb": {
        "lines": [
          1,
          1,
          1,
          null,
          1,
          2,
          2,
          2,
          2,
          null,
          null,
          1,
          1,
          null,
          null,
          1,
          1,
          1,
          null,
          null,
          1,
          1,
          null,
          null,
          1,
          2,
          2,
          2,
          1,
          null,
          1,
          null,
          null,
          null,
          1,
          2,
          2,
          1,
          null,
          1,
          null,
          null,
          null,
          1,
          1,
          1,
          1,
          null,
          null,
          1,
          null,
          1,
          5,
          null,
          null,
          1,
          4,
          null,
          null
        ]
      },
[...]
          7,
          null,
          null,
          1,
          4,
          null,
          null,
          1,
          6,
          null,
          null,
          null,
          null,
          null
        ]
      },
      "/Users/kronnakrit/workspace/thegang/psk/psk-erp/app/controllers/permissions_controller.rb": {
        "lines": [
          1,
          1,
          1,
          null,
          1,
          1,
          1,
          null,
          null
        ]
      },
      "/Users/kronnakrit/workspace/thegang/psk/psk-erp/app/controllers/product_attributes_controller.rb": {
        "lines": [
          1,
          1,
          1,
          null,
          1,
          1,
          1,
          null,
          null,
          1,
          1,
          1,
          null,
          null,
          1,
          1,
          null,
          null,
          1,
          1,
          1,
          1,
          1,
          null,
          0,
          null,
          null,
          null,
          1,
          2,
          2,
          2,
          null,
          0,
          null,
          null,
          null,
          1,
          1,
          1,
          1,
          null,
          null,
          1,
          null,
          1,
          4,
          null,
          null,
          1,
          3,
          null,
          null
        ]
      },
      "/Users/kronnakrit/workspace/thegang/psk/psk-erp/app/controllers/product_categories_controller.rb": {
        "lines": [
          1,
          1,
          1,
          null,
          1,
          3,
          3,
          3,
          3,
          null,
          null,
          1,
          1,
          null,
          null,
          1,
          2,
          2,
          null,
          null,
          1,
          1,
          null,
          null,
          1,
          4,
          4,
          4,
          3,
          null,
          1,
          null,
          null,
          null,
          1,
          2,
          2,
          1,
          null,
          1,
          null,
          null,
          null,
          1,
          2,
          2,
          2,
          null,
          null,
          1,
          null,
          1,
          6,
          null,
          null,
          1,
          6,
          null,
          null
        ]
      },
      "/Users/kronnakrit/workspace/thegang/psk/psk-erp/app/policies/product_category_policy.rb": {
        "lines": [
          null,
          null,
          1,
          1,
          1,
          3,
          null,
          null,
          null
        ]
      },
      "/Users/kronnakrit/workspace/thegang/psk/psk-erp/app/controllers/product_classes_controller.rb": {
        "lines": [
          1,
          1,
          1,
          null,
          1,
          2,
          2,
          2,
          2,
          null,
          null,
          1,
          1,
          null,
          null,
          1,
          2,
          2,
          null,
          null,
          1,
          1,
          null,
          null,
          1,
          3,
          3,
          3,
          2,
          null,
          1,
          null,
          null,
          null,
          1,
          2,
          2,
          1,
          null,
          1,
          null,
          null,
          null,
          1,
          1,
          1,
          1,
          null,
          null,
          1,
          null,
          1,
          5,
          null,
          null,
          1,
          5,
          null,
          null
        ]
      },
      "/Users/kronnakrit/workspace/thegang/psk/psk-erp/app/policies/product_class_policy.rb": {
        "lines": [
          null,
          null,
          1,
          1,
          1,
          2,
          null,
          null,
          null
        ]
      },
      "/Users/kronnakrit/workspace/thegang/psk/psk-erp/app/controllers/api/v1/catalogs/product_categories_controller.rb": {
        "lines": [
          1,
          1,
          1,
          1,
          1,
          1,
          2,
          null,
          null,
          null,
          null,
          null
        ]
      },
      "/Users/kronnakrit/workspace/thegang/psk/psk-erp/app/controllers/product_images_controller.rb": {
        "lines": [
          null,
          null,
          1,
          1,
          1,
          1,
          null,
          1,
          1,
          1,
          null,
          null,
          1,
          3,
          3,
          1,
          1,
          null,
          null,
          2,
          2,
          2,
          2,
          2,
          2,
          1,
          null,
          null,
          null,
          3,
          null,
          null,
          0,
          0,
          null,
          null,
          null,
          null,
          1,
          1,
          1,
          1,
          null,
          null,
          1,
          null,
          1,
          5,
          null,
          null,
          1,
          1,
          null,
          null
        ]
      },
      "/Users/kronnakrit/workspace/thegang/psk/psk-erp/app/policies/product_image_policy.rb": {
        "lines": [
          null,
          null,
          1,
          1,
          1,
          1,
          null,
          null,
          null
        ]
      },
      "/Users/kronnakrit/workspace/thegang/psk/psk-erp/app/services/products/duplicate_service.rb": {
        "lines": [
          null,
          null,
          1,
          1,
          1,
          null,
          null,
          null,
          null,
          1,
          3,
          null,
          null,
          1,
          2,
          24,
          2,
          2,
          null,
          2,
          null,
          null,
          null
        ]
      },
      "/Users/kronnakrit/workspace/thegang/psk/psk-erp/app/policies/product_stock_policy.rb": {
        "lines": [
          null,
          null,
          1,
          1,
          1,
          8,
          null,
          null,
          null
        ]
      },
      "/Users/kronnakrit/workspace/thegang/psk/psk-erp/app/controllers/profiles_controller.rb": {
        "lines": [
          1,
          1,
          null,
          1,
          1,
          1,
          null,
          null,
          1,
          2,
          2,
          2,
          1,
          null,
          1,
          null,
          null,
          null,
          1,
          null,
          1,
          2,
          null,
          null
        ]
      },
      "/Users/kronnakrit/workspace/thegang/psk/psk-erp/app/controllers/purchase_order_lines_controller.rb": {
        "lines": [
          null,
          null,
          1,
          1,
          1,
          1,
          null,
          null,
          1,
          4,
          null,
          3,
          3,
          3,
          1,
          1,
          1,
          null,
          null,
          null,
          null,
          null,
          null,
          null,
          null,
          null,
          null,
          1,
          null,
          null,
          2,
          2,
          1,
          1,
          null,
          null,
          2,
          1,
          null,
          null,
          null,
          null,
          null,
          null,
          null,
          1,
          5,
          null,
          4,
          4,
          2,
          2,
          1,
          null,
          null,
          null,
          null,
          null,
          null,
          null,
          null,
          null,
          3,
          null,
          null,
          2,
          2,
          1,
          1,
          null,
          null,
          2,
          1,
          null,
          null,
          null,
          null,
          null,
          null,
          null,
          1,
          2,
          null,
          1,
          1,
          1,
          1,
          null,
          1,
          null,
          null,
          null,
          null,
          1,
          1,
          null,
          null,
          null,
          null,
          1,
          null,
          1,
          null,
          1,
          null,
          null,
          null,
          1,
          null,
          1,
          11,
          null,
          null,
          1,
          7,
          null,
          null,
          1,
          3,
          3,
          null,
          null,
          1,
          7,
          null,
          null
        ]
      },
      "/Users/kronnakrit/workspace/thegang/psk/psk-erp/app/controllers/roles_controller.rb": {
        "lines": [
          1,
          1,
          1,
          null,
          1,
          5,
          5,
          5,
          5,
          null,
          null,
          1,
          1,
          null,
          null,
          1,
          2,
          2,
          2,
          null,
          null,
          1,
          2,
          2,
          null,
          null,
          1,
          3,
          3,
          3,
          3,
          2,
          null,
          1,
          null,
          null,
          null,
          1,
          3,
          3,
          3,
          2,
          null,
          1,
          null,
          null,
          null,
          1,
          3,
          3,
          2,
          null,
          null,
          1,
          null,
          1,
          9,
          null,
          null,
          1,
          6,
          null,
          null
        ]
      },
      "/Users/kronnakrit/workspace/thegang/psk/psk-erp/app/controllers/stock_locations_controller.rb": {
        "lines": [
          null,
          null,
          1,
          1,
          1,
          null,
          1,
          8,
          8,
          8,
          8,
          null,
          null,
          1,
          2,
          2,
          null,
          null,
          1,
          3,
          3,
          3,
          2,
          null,
          1,
          null,
          null,
          null,
          1,
          2,
          null,
          null,
          1,
          3,
          3,
          2,
          null,
          1,
          null,
          null,
          null,
          1,
          3,
          3,
          3,
          null,
          0,
          null,
          null,
          1,
          null,
          1,
          8,
          null,
          null,
          1,
          6,
          null,
          null
        ]
      },
      "/Users/kronnakrit/workspace/thegang/psk/psk-erp/app/policies/stock_location_policy.rb": {
        "lines": [
          null,
          null,
          1,
          1,
          1,
          8,
          null,
          null,
          null,
          1,
          1,
          1,
          1,
          1,
          1,
          1,
          null
        ]
      },
      "/Users/kronnakrit/workspace/thegang/psk/psk-erp/app/controllers/stocks_controller.rb": {
        "lines": [
          null,
          null,
          1,
          1,
          1,
          null,
          1,
          8,
          8,
          null,
          null,
          8,
          8,
          8,
          null,
          null,
          1,
          21,
          21,
          21,
          21,
          null,
          null,
          1,
          7,
          7,
          7,
          null,
          0,
          null,
          null,
          null,
          1,
          6,
          6,
          6,
          6,
          4,
          4,
          null,
          2,
          null,
          null,
          null,
          1,
          2,
          2,
          2,
          2,
          2,
          2,
          null,
          0,
          null,
          null,
          null,
          1,
          1,
          1,
          1,
          null,
          null,
          1,
          5,
          5,
          5,
          1,
          1,
          null,
          4,
          4,
          2,
          null,
          2,
          null,
          null,
          null,
          1,
          4,
          4,
          null,
          null,
          4,
          null,
          null,
          1,
          null,
          1,
          46,
          null,
          null,
          1,
          7,
          null,
          null
        ]
      },
      "/Users/kronnakrit/workspace/thegang/psk/psk-erp/app/models/product_stock_location.rb": {
        "lines": [
          null,
          null,
          1,
          1,
          1,
          null,
          1,
          null
        ]
      },
      "/Users/kronnakrit/workspace/thegang/psk/psk-erp/app/controllers/suppliers_controller.rb": {
        "lines": [
          null,
          null,
          1,
          1,
          1,
          null,
          1,
          11,
          11,
          11,
          11,
          null,
          null,
          1,
          1,
          null,
          null,
          1,
          3,
          3,
          null,
          null,
          1,
          2,
          null,
          null,
          1,
          5,
          5,
          5,
          2,
          null,
          3,
          null,
          null,
          null,
          1,
          3,
          3,
          2,
          null,
          1,
          null,
          null,
          null,
          1,
          4,
          4,
          2,
          null,
          2,
          null,
          null,
          1,
          null,
          1,
          10,
          null,
          null,
          1,
          8,
          null,
          null
        ]
      },
      "/Users/kronnakrit/workspace/thegang/psk/psk-erp/app/controllers/unit_definitions_controller.rb": {
        "lines": [
          null,
          null,
          1,
          1,
          1,
          1,
          null,
          1,
          6,
          6,
          null,
          6,
          4,
          4,
          4,
          7,
          null,
          null,
          2,
          2,
          1,
          null,
          null,
          null,
          null,
          null,
          3,
          null,
          null,
          null,
          null,
          1,
          4,
          4,
          null,
          4,
          3,
          3,
          3,
          5,
          null,
          null,
          1,
          null,
          null,
          null,
          1,
          3,
          3,
          null,
          3,
          3,
          2,
          null,
          null,
          2,
          2,
          2,
          3,
          null,
          null,
          1,
          1,
          1,
          1,
          null,
          null,
          1,
          null,
          null,
          null,
          1,
          null,
          1,
          1,
          1,
          1,
          1,
          null,
          1,
          null,
          null,
          null,
          1,
          13,
          null,
          null,
          1,
          6,
          null,
          null
        ]
      },
      "/Users/kronnakrit/workspace/thegang/psk/psk-erp/app/policies/unit_definition_policy.rb": {
        "lines": [
          null,
          null,
          1,
          1,
          1,
          1,
          null
        ]
      },
      "/Users/kronnakrit/workspace/thegang/psk/psk-erp/app/controllers/unit_groups_controller.rb": {
        "lines": [
          null,
          null,
          1,
          1,
          1,
          1,
          null,
          1,
          6,
          5,
          null,
          null,
          1,
          10,
          null,
          null,
          1,
          2,
          2,
          null,
          null,
          1,
          null,
          1,
          3,
          3,
          null,
          3,
          2,
          null,
          1,
          null,
          null,
          null,
          1,
          3,
          2,
          null,
          1,
          null,
          null,
          null,
          1,
          4,
          2,
          null,
          2,
          null,
          null,
          null,
          1,
          2,
          2,
          1,
          null,
          1,
          null,
          null,
          null,
          null,
          null,
          null,
          null,
          1,
          null,
          1,
          21,
          21,
          null,
          null,
          1,
          6,
          null,
          null
        ]
      },
      "/Users/kronnakrit/workspace/thegang/psk/psk-erp/app/policies/unit_group_policy.rb": {
        "lines": [
          null,
          null,
          1,
          1,
          1,
          1,
          1,
          1,
          1,
          1,
          1,
          null,
          1,
          1,
          5,
          null,
          null,
          null
        ]
      },
      "/Users/kronnakrit/workspace/thegang/psk/psk-erp/app/controllers/uploads_controller.rb": {
        "lines": [
          null,
          null,
          1,
          1,
          null,
          1,
          null,
          1,
          null,
          1,
          9,
          null,
          9,
          null,
          null,
          1,
          7,
          null,
          7,
          null,
          7,
          null,
          null,
          3,
          null,
          null,
          4,
          null,
          null,
          null,
          4,
          null,
          4,
          3,
          3,
          null,
          1,
          null,
          null,
          null,
          1,
          null,
          1,
          0,
          null,
          null,
          1,
          4,
          4,
          null,
          4,
          null,
          null
        ]
      },
      "/Users/kronnakrit/workspace/thegang/psk/psk-erp/app/controllers/users/force_password_controller.rb": {
        "lines": [
          1,
          1,
          1,
          1,
          null,
          1,
          4,
          null,
          4,
          null,
          4,
          1,
          1,
          null,
          null,
          3,
          2,
          null,
          1,
          null,
          null,
          null,
          1,
          null,
          1,
          4,
          null,
          null,
          1,
          4,
          null,
          null,
          null
        ]
      },
      "/Users/kronnakrit/workspace/thegang/psk/psk-erp/app/controllers/vendors_controller.rb": {
        "lines": [
          0,
          0,
          0,
          null,
          0,
          0,
          0,
          0,
          0,
          0,
          null,
          0,
          0,
          0,
          null,
          0,
          0,
          0,
          0,
          null,
          0,
          0,
          0,
          null,
          0,
          0,
          0,
          0,
          0,
          0,
          0,
          0,
          0,
          null,
          0,
          0,
          0,
          0,
          0,
          0,
          0,
          0,
          null,
          0,
          0,
          0,
          0,
          0,
          null,
          0,
          0,
          0,
          0,
          0,
          0,
          null,
          0,
          null,
          0,
          0,
          0,
          null,
          0,
          0,
          0,
          0
        ],
        "branches": {}
      },
      "/Users/kronnakrit/workspace/thegang/psk/psk-erp/app/policies/vendor_policy.rb": {
        "lines": [
          null,
          null,
          0,
          0,
          0,
          0,
          0,
          0,
          null,
          0,
          0,
          0,
          0
        ],
        "branches": {}
      }
    },
    "timestamp": 1777786570
  }
}
